<?xml version="1.0" encoding="UTF-8"?>
<!-- Generated by org.testng.reporters.JUnitReportReporter -->
<testsuite skipped="0" hostname="LAPTOP-126PMD0G" name="com.nopcommerce.testCases.TC_LoginTest_001" tests="1" failures="0" timestamp="28 Oct 2020 23:35:59 GMT" time="23.911" errors="0">
  <testcase name="loginTest" time="23.911" classname="com.nopcommerce.testCases.TC_LoginTest_001"/>
</testsuite> <!-- com.nopcommerce.testCases.TC_LoginTest_001 -->
