<?xml version="1.0" encoding="UTF-8"?>
<!-- Generated by org.testng.reporters.JUnitReportReporter -->
<testsuite skipped="0" hostname="LAPTOP-126PMD0G" name="com.nopcommerce.testCases.TC_LoginTest_001" tests="1" failures="0" timestamp="26 Oct 2020 06:17:07 GMT" time="10.454" errors="0">
  <testcase name="loginTest" time="10.454" classname="com.nopcommerce.testCases.TC_LoginTest_001"/>
</testsuite> <!-- com.nopcommerce.testCases.TC_LoginTest_001 -->
